<?xml version="1.0" encoding="UTF-8" standalone="no"?>
<testsuite failures="0" name="cucumber.runtime.formatter.JUnitFormatter" skipped="0" tests="1" time="53.160284">
<testcase classname="Feature of Free CRM contact" name="contact scenario" time="53.160284">
<system-out><![CDATA[Given user is already on login page.........................................passed
When title of Free CRM logo.................................................passed
Then enter username and password and click on login button..................passed
Then user is able to go home page...........................................passed
Then user is move to deals page.............................................passed
Then user enter deals deatils...............................................passed
Then close browser..........................................................passed
]]></system-out>
</testcase>
</testsuite>
