<?xml version="1.0" encoding="UTF-8" standalone="no"?>
<testsuite failures="0" name="cucumber.runtime.formatter.JUnitFormatter" skipped="0" tests="2" time="99.863313">
<testcase classname="Feature of Free CRM contact" name="contact scenario" time="50.830275">
<system-out><![CDATA[Given user is already on login page.........................................passed
When title of Free CRM logo.................................................passed
Then enter "prasad1986" and "test@123" and click on login button............passed
Then user is able to go home page...........................................passed
Then user is move to contact page...........................................passed
Then user enter "ameer" and "khan" and "Manager"............................passed
Then close browser..........................................................passed
]]></system-out>
</testcase>
<testcase classname="Feature of Free CRM contact" name="contact scenario 2" time="49.033038">
<system-out><![CDATA[Given user is already on login page.........................................passed
When title of Free CRM logo.................................................passed
Then enter "prasad1986" and "test@123" and click on login button............passed
Then user is able to go home page...........................................passed
Then user is move to contact page...........................................passed
Then user enter "padman" and "joe" and "VP".................................passed
Then close browser..........................................................passed
]]></system-out>
</testcase>
</testsuite>
